c:\users\michael\onedrive\desktop\cpp\redboxsln\redboxprj\x64\debug\vc143.pdb
c:\users\michael\onedrive\desktop\cpp\redboxsln\redboxprj\x64\debug\vc143.idb
c:\users\michael\onedrive\desktop\cpp\redboxsln\redboxprj\x64\debug\tinyxml2.obj
c:\users\michael\onedrive\desktop\cpp\redboxsln\redboxprj\x64\debug\redbox.obj
c:\users\michael\onedrive\desktop\cpp\redboxsln\redboxprj\x64\debug\rectangle.obj
c:\users\michael\onedrive\desktop\cpp\redboxsln\redboxprj\x64\debug\main.obj
c:\users\michael\onedrive\desktop\cpp\redboxsln\redboxprj\x64\debug\level.obj
c:\users\michael\onedrive\desktop\cpp\redboxsln\redboxprj\x64\debug\input.obj
c:\users\michael\onedrive\desktop\cpp\redboxsln\redboxprj\x64\debug\graphics.obj
c:\users\michael\onedrive\desktop\cpp\redboxsln\redboxprj\x64\debug\game.obj
c:\users\michael\onedrive\desktop\cpp\redboxsln\redboxprj\x64\debug\redboxprj.ilk
c:\users\michael\onedrive\desktop\cpp\redboxsln\x64\debug\redboxprj.exe
c:\users\michael\onedrive\desktop\cpp\redboxsln\x64\debug\redboxprj.pdb
c:\users\michael\onedrive\desktop\cpp\redboxsln\redboxprj\x64\debug\redboxprj.tlog\cl.command.1.tlog
c:\users\michael\onedrive\desktop\cpp\redboxsln\redboxprj\x64\debug\redboxprj.tlog\cl.items.tlog
c:\users\michael\onedrive\desktop\cpp\redboxsln\redboxprj\x64\debug\redboxprj.tlog\cl.read.1.tlog
c:\users\michael\onedrive\desktop\cpp\redboxsln\redboxprj\x64\debug\redboxprj.tlog\cl.write.1.tlog
c:\users\michael\onedrive\desktop\cpp\redboxsln\redboxprj\x64\debug\redboxprj.tlog\link.command.1.tlog
c:\users\michael\onedrive\desktop\cpp\redboxsln\redboxprj\x64\debug\redboxprj.tlog\link.read.1.tlog
c:\users\michael\onedrive\desktop\cpp\redboxsln\redboxprj\x64\debug\redboxprj.tlog\link.write.1.tlog
